<?xml version="1.0" encoding="UTF-8"?>
<!-- Generated by org.testng.reporters.JUnitReportReporter -->
<testsuite hostname="LAPTOP-546I93MP" failures="0" tests="29" name="AboutUsModule.AboutUsPageTest" time="157.232" errors="0" timestamp="2024-05-05T01:33:44 IST" skipped="0">
  <testcase classname="AboutUsModule.AboutUsPageTest" name="About_Option" time="6.964"/>
  <system-out/>
  <testcase classname="AboutUsModule.AboutUsPageTest" name="Home_Icon_Functionality" time="6.888"/>
  <system-out/>
  <testcase classname="AboutUsModule.AboutUsPageTest" name="Best_Materials" time="6.995"/>
  <system-out/>
  <testcase classname="AboutUsModule.AboutUsPageTest" name="Years_Of_Experience" time="5.090"/>
  <system-out/>
  <testcase classname="AboutUsModule.AboutUsPageTest" name="Professional_Standard" time="5.109"/>
  <system-out/>
  <testcase classname="AboutUsModule.AboutUsPageTest" name="Construction" time="5.078"/>
  <system-out/>
  <testcase classname="AboutUsModule.AboutUsPageTest" name="Best_possible_Equipment" time="5.118"/>
  <system-out/>
  <testcase classname="AboutUsModule.AboutUsPageTest" name="Experienced_Teams" time="5.082"/>
  <system-out/>
  <testcase classname="AboutUsModule.AboutUsPageTest" name="Our_Team" time="5.179"/>
  <system-out/>
  <testcase classname="AboutUsModule.AboutUsPageTest" name="Facebook_Icon" time="5.101"/>
  <system-out/>
  <testcase classname="AboutUsModule.AboutUsPageTest" name="Twitter_Icon" time="5.084"/>
  <system-out/>
  <testcase classname="AboutUsModule.AboutUsPageTest" name="Linkedin" time="5.086"/>
  <system-out/>
  <testcase classname="AboutUsModule.AboutUsPageTest" name="Gmail" time="5.071"/>
  <system-out/>
  <testcase classname="AboutUsModule.AboutUsPageTest" name="Our_Team2" time="5.153"/>
  <system-out/>
  <testcase classname="AboutUsModule.AboutUsPageTest" name="Facebook_Icon1" time="5.072"/>
  <system-out/>
  <testcase classname="AboutUsModule.AboutUsPageTest" name="Twitter_Icon1" time="5.077"/>
  <system-out/>
  <testcase classname="AboutUsModule.AboutUsPageTest" name="Linkedin_Icon1" time="5.066"/>
  <system-out/>
  <testcase classname="AboutUsModule.AboutUsPageTest" name="Gmail_Icon1" time="5.064"/>
  <system-out/>
  <testcase classname="AboutUsModule.AboutUsPageTest" name="Our_Team3" time="5.192"/>
  <system-out/>
  <testcase classname="AboutUsModule.AboutUsPageTest" name="Facebook_Icon2" time="5.073"/>
  <system-out/>
  <testcase classname="AboutUsModule.AboutUsPageTest" name="Twitter_Icon2" time="5.065"/>
  <system-out/>
  <testcase classname="AboutUsModule.AboutUsPageTest" name="Linkedin_Icon2" time="5.076"/>
  <system-out/>
  <testcase classname="AboutUsModule.AboutUsPageTest" name="Gmail_Icon2" time="5.075"/>
  <system-out/>
  <testcase classname="AboutUsModule.AboutUsPageTest" name="Our_Team4" time="5.143"/>
  <system-out/>
  <testcase classname="AboutUsModule.AboutUsPageTest" name="Facebook_Icon3" time="5.088"/>
  <system-out/>
  <testcase classname="AboutUsModule.AboutUsPageTest" name="Twitter_Icon3" time="5.085"/>
  <system-out/>
  <testcase classname="AboutUsModule.AboutUsPageTest" name="Linkedin_Icon3" time="5.062"/>
  <system-out/>
  <testcase classname="AboutUsModule.AboutUsPageTest" name="Gmail_Icon3" time="5.089"/>
  <system-out/>
  <testcase classname="AboutUsModule.AboutUsPageTest" name="Contact_Us" time="9.007"/>
  <system-out/>
</testsuite> <!-- AboutUsModule.AboutUsPageTest -->
